Flow report for FlappyBird-FlappyCompsys
Thu Jun 04 23:58:54 2020
Quartus II 64-Bit Version 13.0.0 Build 156 04/24/2013 SJ Web Edition


---------------------
; Table of Contents ;
---------------------
  1. Legal Notice
  2. Flow Summary
  3. Flow Settings
  4. Flow Non-Default Global Settings
  5. Flow Elapsed Time
  6. Flow OS Summary
  7. Flow Log
  8. Flow Messages
  9. Flow Suppressed Messages



----------------
; Legal Notice ;
----------------
Copyright (C) 1991-2013 Altera Corporation
Your use of Altera Corporation's design tools, logic functions 
and other software and tools, and its AMPP partner logic 
functions, and any output files from any of the foregoing 
(including device programming or simulation files), and any 
associated documentation or information are expressly subject 
to the terms and conditions of the Altera Program License 
Subscription Agreement, Altera MegaCore Function License 
Agreement, or other applicable license agreement, including, 
without limitation, that your use is for the sole purpose of 
programming logic devices manufactured by Altera and sold by 
Altera or its authorized distributors.  Please refer to the 
applicable agreement for further details.



+---------------------------------------------------------------------------------+
; Flow Summary                                                                    ;
+------------------------------------+--------------------------------------------+
; Flow Status                        ; Successful - Thu Jun 04 23:58:54 2020      ;
; Quartus II 64-Bit Version          ; 13.0.0 Build 156 04/24/2013 SJ Web Edition ;
; Revision Name                      ; FlappyBird-FlappyCompsys                   ;
; Top-level Entity Name              ; FlappyBird-FlappyCompsys                   ;
; Family                             ; Cyclone III                                ;
; Device                             ; EP3C16F484C6                               ;
; Timing Models                      ; Final                                      ;
; Total logic elements               ; 1,164 / 15,408 ( 8 % )                     ;
;     Total combinational functions  ; 1,120 / 15,408 ( 7 % )                     ;
;     Dedicated logic registers      ; 321 / 15,408 ( 2 % )                       ;
; Total registers                    ; 321                                        ;
; Total pins                         ; 11 / 347 ( 3 % )                           ;
; Total virtual pins                 ; 0                                          ;
; Total memory bits                  ; 8,192 / 516,096 ( 2 % )                    ;
; Embedded Multiplier 9-bit elements ; 0 / 112 ( 0 % )                            ;
; Total PLLs                         ; 1 / 4 ( 25 % )                             ;
+------------------------------------+--------------------------------------------+


+----------------------------------------------+
; Flow Settings                                ;
+-------------------+--------------------------+
; Option            ; Setting                  ;
+-------------------+--------------------------+
; Start date & time ; 06/04/2020 23:57:43      ;
; Main task         ; Compilation              ;
; Revision Name     ; FlappyBird-FlappyCompsys ;
+-------------------+--------------------------+


+----------------------------------------------------------------------------------------------------------------------------+
; Flow Non-Default Global Settings                                                                                           ;
+-------------------------------------+---------------------------------------+---------------+-------------+----------------+
; Assignment Name                     ; Value                                 ; Default Value ; Entity Name ; Section Id     ;
+-------------------------------------+---------------------------------------+---------------+-------------+----------------+
; COMPILER_SIGNATURE_ID               ; 963354561822.159127186214404          ; --            ; --          ; --             ;
; EDA_OUTPUT_DATA_FORMAT              ; Vhdl                                  ; --            ; --          ; eda_simulation ;
; EDA_SIMULATION_TOOL                 ; ModelSim-Altera (VHDL)                ; <None>        ; --          ; --             ;
; IP_TOOL_NAME                        ; ALTPLL                                ; --            ; --          ; --             ;
; IP_TOOL_NAME                        ; ALTPLL                                ; --            ; --          ; --             ;
; IP_TOOL_VERSION                     ; 13.0                                  ; --            ; --          ; --             ;
; IP_TOOL_VERSION                     ; 13.0                                  ; --            ; --          ; --             ;
; MAX_CORE_JUNCTION_TEMP              ; 85                                    ; --            ; --          ; --             ;
; MIN_CORE_JUNCTION_TEMP              ; 0                                     ; --            ; --          ; --             ;
; MISC_FILE                           ; output_files/altpll0.bsf              ; --            ; --          ; --             ;
; MISC_FILE                           ; output_files/altpll0.cmp              ; --            ; --          ; --             ;
; MISC_FILE                           ; output_files/altpll0.ppf              ; --            ; --          ; --             ;
; MISC_FILE                           ; output_files/altpll1.bsf              ; --            ; --          ; --             ;
; MISC_FILE                           ; output_files/altpll1.cmp              ; --            ; --          ; --             ;
; MISC_FILE                           ; output_files/altpll1.ppf              ; --            ; --          ; --             ;
; PARTITION_COLOR                     ; 16764057                              ; --            ; --          ; Top            ;
; PARTITION_FITTER_PRESERVATION_LEVEL ; PLACEMENT_AND_ROUTING                 ; --            ; --          ; Top            ;
; PARTITION_NETLIST_TYPE              ; SOURCE                                ; --            ; --          ; Top            ;
; POWER_BOARD_THERMAL_MODEL           ; None (CONSERVATIVE)                   ; --            ; --          ; --             ;
; POWER_PRESET_COOLING_SOLUTION       ; 23 MM HEAT SINK WITH 200 LFPM AIRFLOW ; --            ; --          ; --             ;
; PROJECT_OUTPUT_DIRECTORY            ; output_files                          ; --            ; --          ; --             ;
+-------------------------------------+---------------------------------------+---------------+-------------+----------------+


+-------------------------------------------------------------------------------------------------------------------------------+
; Flow Elapsed Time                                                                                                             ;
+---------------------------+--------------+-------------------------+---------------------+------------------------------------+
; Module Name               ; Elapsed Time ; Average Processors Used ; Peak Virtual Memory ; Total CPU Time (on all processors) ;
+---------------------------+--------------+-------------------------+---------------------+------------------------------------+
; Analysis & Synthesis      ; 00:00:12     ; 1.0                     ; 4653 MB             ; 00:00:10                           ;
; Fitter                    ; 00:00:28     ; 1.0                     ; 4919 MB             ; 00:00:23                           ;
; Assembler                 ; 00:00:05     ; 1.0                     ; 4555 MB             ; 00:00:04                           ;
; TimeQuest Timing Analyzer ; 00:00:13     ; 1.0                     ; 4611 MB             ; 00:00:08                           ;
; EDA Netlist Writer        ; 00:00:05     ; 1.0                     ; 4537 MB             ; 00:00:04                           ;
; Total                     ; 00:01:03     ; --                      ; --                  ; 00:00:49                           ;
+---------------------------+--------------+-------------------------+---------------------+------------------------------------+


+----------------------------------------------------------------------------------------+
; Flow OS Summary                                                                        ;
+---------------------------+------------------+-----------+------------+----------------+
; Module Name               ; Machine Hostname ; OS Name   ; OS Version ; Processor type ;
+---------------------------+------------------+-----------+------------+----------------+
; Analysis & Synthesis      ; DESKTOP-704DSEP  ; Windows 7 ; 6.2        ; x86_64         ;
; Fitter                    ; DESKTOP-704DSEP  ; Windows 7 ; 6.2        ; x86_64         ;
; Assembler                 ; DESKTOP-704DSEP  ; Windows 7 ; 6.2        ; x86_64         ;
; TimeQuest Timing Analyzer ; DESKTOP-704DSEP  ; Windows 7 ; 6.2        ; x86_64         ;
; EDA Netlist Writer        ; DESKTOP-704DSEP  ; Windows 7 ; 6.2        ; x86_64         ;
+---------------------------+------------------+-----------+------------+----------------+


------------
; Flow Log ;
------------
quartus_map --read_settings_files=on --write_settings_files=off FlappyBird-FlappyCompsys -c FlappyBird-FlappyCompsys
quartus_fit --read_settings_files=off --write_settings_files=off FlappyBird-FlappyCompsys -c FlappyBird-FlappyCompsys
quartus_asm --read_settings_files=off --write_settings_files=off FlappyBird-FlappyCompsys -c FlappyBird-FlappyCompsys
quartus_sta FlappyBird-FlappyCompsys -c FlappyBird-FlappyCompsys
quartus_eda --read_settings_files=off --write_settings_files=off FlappyBird-FlappyCompsys -c FlappyBird-FlappyCompsys



